Arguments: 
  C:\Program Files\nodejs\node.exe C:\Users\lixinxin\AppData\Roaming\npm\node_modules\yarn\bin\yarn.js add pinia

PATH: 
  C:\Windows\system32;C:\Windows;C:\Windows\System32\Wbem;C:\Windows\System32\WindowsPowerShell\v1.0\;C:\Windows\System32\OpenSSH\;d:\Microsoft VS Code\bin;C:\Users\lixinxin\AppData\Roaming\nvm;C:\Program Files\nodejs;C:\Program Files\TortoiseGit\bin;C:\Program Files\Git\cmd;C:\Program Files (x86)\nodejs\;C:\Users\lixinxin\AppData\Local\Microsoft\WindowsApps;C:\Users\lixinxin\AppData\Roaming\nvm;C:\Program Files\nodejs;C:\Users\lixinxin\AppData\Roaming\npm;d:\Fiddler

Yarn version: 
  1.22.17

Node version: 
  14.0.0

Platform: 
  win32 x64

Trace: 
  Error: EPERM: operation not permitted, unlink 'C:\Users\lixinxin\Desktop\vite\node_modules\esbuild-windows-64\esbuild.exe'

npm manifest: 
  {
    "name": "vite",
    "version": "0.0.0",
    "scripts": {
      "dev": "vite",
      "build": "vue-tsc --noEmit && vite build",
      "preview": "vite preview"
    },
    "dependencies": {
      "vue": "^3.2.25"
    },
    "devDependencies": {
      "@vitejs/plugin-vue": "^2.0.0",
      "typescript": "^4.4.4",
      "vite": "^2.7.2",
      "vue-tsc": "^0.29.8"
    }
  }

yarn manifest: 
  No manifest

Lockfile: 
  No lockfile
